<?xml version="1.0" encoding="UTF-8"?>
<!-- Generated by org.testng.reporters.JUnitXMLReporter -->
<testsuite ignored="4" hostname="AssemMusallam" failures="0" tests="2" name="Default test" time="2.975" errors="0" timestamp="2024-06-09T20:44:57 EET">
  <testcase classname="MyTestCases" name="loginTest" time="0.65"/>
  <testcase classname="MyTestCases" name="findAllElementsThatHasTheTextLabs" time="0.544"/>
  <testcase classname="MyTestCases" name="addAllExceptTheThirdButtons" time="0.0">
    <ignored/>
  </testcase> <!-- addAllExceptTheThirdButtons -->
  <testcase classname="MyTestCases" name="addOneItemAndSkipTheNextOne" time="0.0">
    <ignored/>
  </testcase> <!-- addOneItemAndSkipTheNextOne -->
  <testcase classname="MyTestCases" name="addAllItems" time="0.0">
    <ignored/>
  </testcase> <!-- addAllItems -->
  <testcase classname="MyTestCases" name="addAllExceptTheLastTwoButtons" time="0.0">
    <ignored/>
  </testcase> <!-- addAllExceptTheLastTwoButtons -->
</testsuite> <!-- Default test -->
