<?xml version="1.0" encoding="UTF-8"?>
<testng-results ignored="4" total="6" passed="2" failed="0" skipped="0">
  <reporter-output>
  </reporter-output>
  <suite started-at="2024-06-09T20:44:54 EET" name="Default suite" finished-at="2024-06-09T20:44:57 EET" duration-ms="2975">
    <groups>
    </groups>
    <test started-at="2024-06-09T20:44:54 EET" name="Default test" finished-at="2024-06-09T20:44:57 EET" duration-ms="2975">
      <class name="MyTestCases">
        <test-method is-config="true" signature="mySetup()[pri:0, instance:MyTestCases@17a1e4ca]" started-at="2024-06-09T20:44:54 EET" name="mySetup" finished-at="2024-06-09T20:44:55 EET" duration-ms="1702" status="PASS">
          <reporter-output>
          </reporter-output>
        </test-method> <!-- mySetup -->
        <test-method signature="loginTest()[pri:1, instance:MyTestCases@17a1e4ca]" started-at="2024-06-09T20:44:56 EET" name="loginTest" finished-at="2024-06-09T20:44:56 EET" duration-ms="650" status="PASS">
          <reporter-output>
          </reporter-output>
        </test-method> <!-- loginTest -->
        <test-method signature="findAllElementsThatHasTheTextLabs()[pri:6, instance:MyTestCases@17a1e4ca]" started-at="2024-06-09T20:44:56 EET" name="findAllElementsThatHasTheTextLabs" finished-at="2024-06-09T20:44:57 EET" duration-ms="544" status="PASS">
          <reporter-output>
          </reporter-output>
        </test-method> <!-- findAllElementsThatHasTheTextLabs -->
      </class> <!-- MyTestCases -->
    </test> <!-- Default test -->
  </suite> <!-- Default suite -->
</testng-results>
